2020-11-20 14:44:11,578  INFO Version:21 - HV000001: Hibernate Validator 6.0.18.Final
2020-11-20 14:44:12,075  INFO DemoApplication:55 - Starting DemoApplication on LAPTOP-9CEJMJFA with PID 3720 (C:\Users\wza\Desktop\JavaEE-master\demo3\target\classes started by 王子昂 in C:\Users\wza\Desktop\JavaEE-master\demo3)
2020-11-20 14:44:12,088  INFO DemoApplication:651 - No active profile set, falling back to default profiles: default
2020-11-20 14:44:12,260  INFO DevToolsPropertyDefaultsPostProcessor:225 - Devtools property defaults active! Set 'spring.devtools.add-properties' to 'false' to disable
2020-11-20 14:44:12,261  INFO DevToolsPropertyDefaultsPostProcessor:225 - For additional web related logging consider setting the 'logging.level.web' property to 'DEBUG'
2020-11-20 14:44:15,394  INFO RepositoryConfigurationDelegate:246 - Multiple Spring Data modules found, entering strict repository configuration mode!
2020-11-20 14:44:15,402  INFO RepositoryConfigurationDelegate:126 - Bootstrapping Spring Data repositories in DEFAULT mode.
2020-11-20 14:44:15,539  INFO RepositoryConfigurationDelegate:184 - Finished Spring Data repository scanning in 108ms. Found 0 repository interfaces.
2020-11-20 14:44:16,217  INFO PostProcessorRegistrationDelegate$BeanPostProcessorChecker:330 - Bean 'org.springframework.transaction.annotation.ProxyTransactionManagementConfiguration' of type [org.springframework.transaction.annotation.ProxyTransactionManagementConfiguration] is not eligible for getting processed by all BeanPostProcessors (for example: not eligible for auto-proxying)
2020-11-20 14:44:16,268  INFO PostProcessorRegistrationDelegate$BeanPostProcessorChecker:330 - Bean 'redisCacheConfig' of type [com.example.demo.cache.RedisCacheConfig$$EnhancerBySpringCGLIB$$6d56a101] is not eligible for getting processed by all BeanPostProcessors (for example: not eligible for auto-proxying)
2020-11-20 14:44:16,290  INFO PostProcessorRegistrationDelegate$BeanPostProcessorChecker:330 - Bean 'shiroConfig' of type [com.example.demo.shiro.ShiroConfig$$EnhancerBySpringCGLIB$$17eabb6e] is not eligible for getting processed by all BeanPostProcessors (for example: not eligible for auto-proxying)
2020-11-20 14:44:16,462  INFO PostProcessorRegistrationDelegate$BeanPostProcessorChecker:330 - Bean 'mybatis-org.mybatis.spring.boot.autoconfigure.MybatisProperties' of type [org.mybatis.spring.boot.autoconfigure.MybatisProperties] is not eligible for getting processed by all BeanPostProcessors (for example: not eligible for auto-proxying)
2020-11-20 14:44:16,472  INFO PostProcessorRegistrationDelegate$BeanPostProcessorChecker:330 - Bean 'org.mybatis.spring.boot.autoconfigure.MybatisAutoConfiguration' of type [org.mybatis.spring.boot.autoconfigure.MybatisAutoConfiguration$$EnhancerBySpringCGLIB$$ff3ee9fd] is not eligible for getting processed by all BeanPostProcessors (for example: not eligible for auto-proxying)
2020-11-20 14:44:16,475  INFO PostProcessorRegistrationDelegate$BeanPostProcessorChecker:330 - Bean 'org.springframework.boot.autoconfigure.jdbc.DataSourceConfiguration$Hikari' of type [org.springframework.boot.autoconfigure.jdbc.DataSourceConfiguration$Hikari] is not eligible for getting processed by all BeanPostProcessors (for example: not eligible for auto-proxying)
2020-11-20 14:44:16,484  INFO PostProcessorRegistrationDelegate$BeanPostProcessorChecker:330 - Bean 'spring.datasource-org.springframework.boot.autoconfigure.jdbc.DataSourceProperties' of type [org.springframework.boot.autoconfigure.jdbc.DataSourceProperties] is not eligible for getting processed by all BeanPostProcessors (for example: not eligible for auto-proxying)
2020-11-20 14:44:16,513  INFO PostProcessorRegistrationDelegate$BeanPostProcessorChecker:330 - Bean 'dataSource' of type [com.zaxxer.hikari.HikariDataSource] is not eligible for getting processed by all BeanPostProcessors (for example: not eligible for auto-proxying)
2020-11-20 14:44:16,516  INFO PostProcessorRegistrationDelegate$BeanPostProcessorChecker:330 - Bean 'org.springframework.boot.autoconfigure.jdbc.DataSourceInitializerInvoker' of type [org.springframework.boot.autoconfigure.jdbc.DataSourceInitializerInvoker] is not eligible for getting processed by all BeanPostProcessors (for example: not eligible for auto-proxying)
2020-11-20 14:44:16,603  INFO PostProcessorRegistrationDelegate$BeanPostProcessorChecker:330 - Bean 'sqlSessionFactory' of type [org.apache.ibatis.session.defaults.DefaultSqlSessionFactory] is not eligible for getting processed by all BeanPostProcessors (for example: not eligible for auto-proxying)
2020-11-20 14:44:16,609  INFO PostProcessorRegistrationDelegate$BeanPostProcessorChecker:330 - Bean 'sqlSessionTemplate' of type [org.mybatis.spring.SqlSessionTemplate] is not eligible for getting processed by all BeanPostProcessors (for example: not eligible for auto-proxying)
2020-11-20 14:44:16,640  INFO PostProcessorRegistrationDelegate$BeanPostProcessorChecker:330 - Bean 'student_mapper' of type [org.mybatis.spring.mapper.MapperFactoryBean] is not eligible for getting processed by all BeanPostProcessors (for example: not eligible for auto-proxying)
2020-11-20 14:44:16,640  INFO PostProcessorRegistrationDelegate$BeanPostProcessorChecker:330 - Bean 'student_mapper' of type [com.sun.proxy.$Proxy84] is not eligible for getting processed by all BeanPostProcessors (for example: not eligible for auto-proxying)
2020-11-20 14:44:16,662  INFO PostProcessorRegistrationDelegate$BeanPostProcessorChecker:330 - Bean 'teacher_mapper' of type [org.mybatis.spring.mapper.MapperFactoryBean] is not eligible for getting processed by all BeanPostProcessors (for example: not eligible for auto-proxying)
2020-11-20 14:44:16,664  INFO PostProcessorRegistrationDelegate$BeanPostProcessorChecker:330 - Bean 'teacher_mapper' of type [com.sun.proxy.$Proxy87] is not eligible for getting processed by all BeanPostProcessors (for example: not eligible for auto-proxying)
2020-11-20 14:44:16,666  INFO PostProcessorRegistrationDelegate$BeanPostProcessorChecker:330 - Bean 'customRealm' of type [com.example.demo.shiro.CustomRealm] is not eligible for getting processed by all BeanPostProcessors (for example: not eligible for auto-proxying)
2020-11-20 14:44:16,677  INFO PostProcessorRegistrationDelegate$BeanPostProcessorChecker:330 - Bean 'securityManager' of type [org.apache.shiro.web.mgt.DefaultWebSecurityManager] is not eligible for getting processed by all BeanPostProcessors (for example: not eligible for auto-proxying)
2020-11-20 14:44:17,410  INFO TomcatWebServer:92 - Tomcat initialized with port(s): 8080 (http)
2020-11-20 14:44:17,711  INFO ContextLoader:284 - Root WebApplicationContext: initialization completed in 5449 ms
2020-11-20 14:44:19,910  INFO ThreadPoolTaskExecutor:171 - Initializing ExecutorService 'applicationTaskExecutor'
2020-11-20 14:44:20,125  INFO WelcomePageHandlerMapping:58 - Adding welcome page template: index
2020-11-20 14:44:23,819  INFO OptionalLiveReloadServer:58 - LiveReload server is running on port 35729
2020-11-20 14:44:23,933  INFO TomcatWebServer:204 - Tomcat started on port(s): 8080 (http) with context path ''
2020-11-20 14:44:23,947  INFO DemoApplication:61 - Started DemoApplication in 12.577 seconds (JVM running for 20.387)
2020-11-20 14:44:49,823  INFO DispatcherServlet:525 - Initializing Servlet 'dispatcherServlet'
2020-11-20 14:44:49,887  INFO DispatcherServlet:547 - Completed initialization in 64 ms
